<?xml version="1.0" encoding="UTF-8"?>
<!-- Generated by org.testng.reporters.JUnitReportReporter -->
<testsuite hostname="LAPTOP-7NPMMCP5" failures="0" tests="3" name="testpkg.test_testclass" time="6.488" errors="0" timestamp="2023-04-08T22:26:09 IST" skipped="1">
  <testcase classname="testpkg.test_testclass" name="Verify_usercangotolenssection" time="0.225"/>
  <system-out/>
  <testcase classname="testpkg.test_testclass" name="aqualenscheck" time="6.263"/>
  <system-out/>
  <testcase classname="testpkg.test_testclass" name="Checkthedifferent_data">
    <skipped/>
  </testcase> <!-- Checkthedifferent_data -->
  <system-out/>
</testsuite> <!-- testpkg.test_testclass -->
